TN:
SF:/Users/manishghimire/Downloads/Privacy Interoperability Layer/contracts/pqc/DilithiumVerifier.sol
DA:1,0
DA:19,205
DA:26,0
DA:29,0
DA:32,0
DA:35,0
DA:38,0
DA:60,0
DA:63,0
DA:93,4
DA:113,0
DA:128,0
DA:145,0
DA:156,0
DA:163,0
DA:164,0
DA:165,0
DA:170,0
DA:171,0
DA:172,0
DA:174,0
DA:180,0
DA:187,0
DA:197,0
DA:198,0
DA:199,0
DA:200,0
DA:201,0
DA:203,0
DA:204,0
DA:205,0
DA:206,0
DA:209,0
DA:213,0
DA:214,0
DA:216,0
DA:219,0
DA:222,0
DA:229,0
DA:230,0
DA:232,0
DA:233,0
DA:237,0
DA:240,0
DA:246,0
DA:249,0
DA:252,0
DA:259,0
DA:266,0
DA:269,0
DA:273,0
DA:275,0
DA:276,0
DA:281,0
DA:284,0
DA:287,0
DA:290,0
DA:293,0
DA:294,0
DA:295,0
DA:296,0
DA:298,0
DA:311,0
DA:327,0
DA:328,0
DA:338,1
DA:339,3
DA:347,1
DA:348,3
DA:356,0
DA:372,0
DA:383,0
DA:391,0
DA:395,0
DA:396,0
DA:398,0
end_of_record

SF:/Users/manishghimire/Downloads/Privacy Interoperability Layer/contracts/pqc/KyberKEM.sol
DA:19,911
DA:25,0
DA:28,1
DA:29,0
DA:30,0
DA:33,1
DA:34,0
DA:35,0
DA:39,0
DA:40,1
DA:43,0
DA:87,0
DA:90,0
DA:93,0
DA:141,4
DA:154,4
DA:158,14
DA:159,5
DA:162,5
DA:163,5
DA:164,0
DA:167,1
DA:169,14
DA:172,1
DA:177,3
DA:179,10
DA:186,16
DA:187,0
DA:190,2
DA:191,4
DA:192,4
DA:194,3
DA:221,3
DA:222,11
DA:223,4
DA:226,0
DA:227,0
DA:230,0
DA:231,0
DA:236,0
DA:238,0
DA:244,0
DA:252,0
DA:259,0
DA:271,0
DA:272,0
DA:273,0
DA:275,0
DA:276,0
DA:280,0
DA:281,0
DA:284,0
DA:286,0
DA:293,0
DA:303,0
DA:304,0
DA:307,0
DA:308,0
DA:310,0
DA:311,0
DA:312,0
DA:313,0
DA:314,0
DA:315,0
DA:316,0
DA:322,0
DA:323,0
DA:327,0
DA:332,0
DA:339,0
DA:341,0
DA:342,0
DA:343,0
DA:345,0
DA:349,0
DA:350,0
DA:351,0
DA:352,0
DA:358,0
DA:363,3
DA:366,8
DA:367,6
DA:371,0
DA:374,0
DA:375,0
DA:397,0
DA:404,0
DA:405,0
DA:414,0
DA:429,0
DA:432,0
DA:433,0
DA:434,0
DA:435,0
DA:437,0
end_of_record

SF:/Users/manishghimire/Downloads/Privacy Interoperability Layer/contracts/pqc/PQCRegistry.sol
DA:24,768
DA:29,128
DA:30,0
DA:93,0
DA:96,0
DA:99,0
DA:102,0
DA:105,0
DA:108,0
DA:111,0
DA:114,0
DA:115,0
DA:162,8
DA:163,4
DA:165,5
DA:166,1
DA:168,3
DA:169,0
DA:171,6
DA:172,1
DA:175,3
DA:178,1
DA:179,1
DA:182,1
DA:183,1
DA:186,2
DA:209,10
DA:210,4
DA:212,10
DA:213,0
DA:215,3
DA:216,11
DA:217,7
DA:219,6
DA:223,8
DA:224,0
DA:227,29
DA:232,3
DA:239,3
DA:240,10
DA:241,10
DA:242,2
DA:244,2
DA:245,3
DA:246,15
DA:248,2
DA:250,6
DA:251,2
DA:255,2
DA:268,1
DA:269,0
DA:271,0
DA:272,1
DA:276,0
DA:277,0
DA:279,0
DA:280,0
DA:282,2
DA:289,10
DA:290,0
DA:293,1
DA:294,2
DA:296,3
DA:311,0
DA:317,0
DA:318,0
DA:320,0
DA:323,0
DA:327,0
DA:328,0
DA:333,0
DA:334,0
DA:335,0
DA:336,0
DA:341,0
DA:342,0
DA:344,0
DA:349,0
DA:350,0
DA:351,0
DA:356,0
DA:357,0
DA:358,0
DA:364,0
DA:367,0
DA:368,0
DA:383,0
DA:391,0
DA:392,0
DA:395,0
DA:396,0
DA:400,0
DA:402,0
DA:403,0
DA:426,0
DA:429,0
DA:430,0
DA:431,0
DA:433,0
DA:437,0
DA:439,0
DA:442,0
DA:457,0
DA:458,0
DA:464,0
DA:465,0
DA:469,0
DA:470,0
DA:479,0
DA:482,0
DA:492,0
DA:493,0
DA:503,0
DA:505,0
DA:533,0
DA:540,0
DA:552,0
DA:554,0
DA:562,0
DA:573,0
DA:577,0
DA:579,0
DA:585,0
DA:586,0
DA:589,0
end_of_record

SF:/Users/manishghimire/Downloads/Privacy Interoperability Layer/contracts/pqc/SPHINCSPlusVerifier.sol
DA:21,0
DA:27,0
DA:30,0
DA:31,0
DA:32,0
DA:33,0
DA:34,0
DA:35,0
DA:59,0
DA:88,0
DA:104,0
DA:111,0
DA:113,0
DA:114,0
DA:116,0
DA:117,0
DA:120,0
DA:121,0
DA:124,0
DA:125,0
DA:126,0
DA:127,0
DA:130,0
DA:131,0
DA:133,0
DA:137,0
DA:138,0
DA:141,0
DA:154,0
DA:171,0
DA:175,0
DA:183,0
DA:189,0
DA:190,0
DA:195,0
DA:198,0
DA:204,0
DA:211,0
DA:215,0
DA:216,0
DA:217,0
DA:219,0
DA:222,0
DA:225,0
DA:228,0
DA:229,0
DA:230,0
DA:231,0
DA:232,0
DA:233,0
DA:234,0
DA:235,0
DA:237,0
DA:250,0
DA:255,0
DA:263,0
DA:264,0
DA:266,0
DA:276,0
DA:282,0
DA:289,0
DA:292,0
DA:293,0
DA:294,0
DA:296,0
DA:298,0
end_of_record

SF:/Users/manishghimire/Downloads/Privacy Interoperability Layer/contracts/test/echidna/EchidnaPQC.sol
DA:13,1291
DA:15,1
DA:16,1
DA:19,1
DA:21,1
DA:22,1
DA:24,1
DA:25,1
DA:26,1
DA:28,6
DA:29,6
DA:32,33
DA:33,27
DA:34,32
DA:53,7
DA:56,10
DA:58,7
DA:60,15
DA:61,8
DA:62,31
DA:71,4
DA:72,2
DA:78,9
DA:79,35
DA:89,11
DA:90,6
DA:91,1
DA:95,15
DA:96,41
DA:98,4
DA:104,9
DA:105,36
DA:112,21
DA:113,23
DA:118,0
DA:119,0
DA:128,5
DA:129,0
DA:130,0
DA:131,0
DA:132,1
DA:135,0
DA:142,26
DA:146,19
DA:157,0
DA:159,0
DA:170,0
DA:177,0
DA:178,2
DA:179,0
DA:180,0
DA:181,0
DA:184,0
DA:190,0
DA:191,0
DA:192,0
DA:193,0
DA:194,0
DA:196,0
DA:199,0
DA:206,0
DA:208,4
DA:216,0
DA:217,0
DA:223,0
DA:224,0
DA:225,0
DA:226,0
DA:227,0
DA:230,0
DA:237,0
DA:240,0
DA:248,0
DA:249,0
DA:250,4
DA:251,0
DA:262,0
DA:263,0
DA:264,0
DA:265,0
DA:280,0
DA:287,0
DA:289,0
DA:290,0
DA:291,0
DA:292,0
DA:299,5
DA:300,0
DA:307,0
DA:308,0
DA:315,0
end_of_record

SF:/Users/manishghimire/Downloads/Privacy Interoperability Layer/node_modules/@openzeppelin/contracts/access/AccessControl.sol
DA:57,4
DA:64,0
DA:70,0
DA:77,7
DA:84,0
DA:93,0
DA:94,0
DA:105,0
DA:121,0
DA:136,0
DA:156,0
DA:157,0
DA:160,0
DA:181,2
DA:182,0
DA:183,4
DA:184,4
DA:185,4
DA:187,0
DA:198,0
DA:199,0
DA:201,0
DA:202,0
end_of_record

SF:/Users/manishghimire/Downloads/Privacy Interoperability Layer/node_modules/@openzeppelin/contracts/access/IAccessControl.sol
end_of_record

SF:/Users/manishghimire/Downloads/Privacy Interoperability Layer/node_modules/@openzeppelin/contracts/access/Ownable.sol
DA:39,6
DA:40,0
DA:48,10
DA:57,1
DA:63,2
DA:64,3
DA:65,0
DA:85,0
DA:86,0
DA:96,0
DA:98,3
end_of_record

SF:/Users/manishghimire/Downloads/Privacy Interoperability Layer/node_modules/@openzeppelin/contracts/utils/Context.sol
DA:18,1
end_of_record

SF:/Users/manishghimire/Downloads/Privacy Interoperability Layer/node_modules/@openzeppelin/contracts/utils/Pausable.sol
DA:47,9
DA:68,1
DA:74,2
DA:75,2
DA:76,0
DA:84,0
DA:85,0
DA:97,0
DA:98,0
DA:110,0
end_of_record

SF:/Users/manishghimire/Downloads/Privacy Interoperability Layer/node_modules/@openzeppelin/contracts/utils/introspection/ERC165.sol
DA:23,0
end_of_record

SF:/Users/manishghimire/Downloads/Privacy Interoperability Layer/node_modules/@openzeppelin/contracts/utils/introspection/IERC165.sol
end_of_record

